<?xml version="1.0" encoding="UTF-8"?>
<testsuite name="findtheparityoutlier.OutlierTest" tests="1" skipped="0" failures="0" errors="0" timestamp="2019-10-21T21:08:31" hostname="MacBook-Air.local" time="0.012">
  <properties/>
  <testcase name="testExample" classname="findtheparityoutlier.OutlierTest" time="0.012"/>
  <system-out><![CDATA[]]></system-out>
  <system-err><![CDATA[]]></system-err>
</testsuite>
