<?xml version="1.0" encoding="UTF-8"?>
<testsuite name="vasyaclerk.LineTest" tests="4" skipped="0" failures="0" errors="0" timestamp="2019-10-21T21:08:31" hostname="MacBook-Air.local" time="0.009">
  <properties/>
  <testcase name="test1" classname="vasyaclerk.LineTest" time="0.002"/>
  <testcase name="test2" classname="vasyaclerk.LineTest" time="0.001"/>
  <testcase name="test3" classname="vasyaclerk.LineTest" time="0.001"/>
  <testcase name="test4" classname="vasyaclerk.LineTest" time="0.0"/>
  <system-out><![CDATA[]]></system-out>
  <system-err><![CDATA[]]></system-err>
</testsuite>
