<?xml version="1.0" encoding="UTF-8"?>
<testsuite name="findtheoddint.FindOddTest" tests="1" skipped="0" failures="0" errors="0" timestamp="2019-10-21T21:08:31" hostname="MacBook-Air.local" time="0.002">
  <properties/>
  <testcase name="findTest" classname="findtheoddint.FindOddTest" time="0.002"/>
  <system-out><![CDATA[]]></system-out>
  <system-err><![CDATA[]]></system-err>
</testsuite>
