<?xml version="1.0" encoding="UTF-8"?>
<testsuite name="weightforweight.WeightSortTest" tests="2" skipped="0" failures="0" errors="0" timestamp="2019-10-21T21:08:31" hostname="MacBook-Air.local" time="0.012">
  <properties/>
  <testcase name="no_equal_string" classname="weightforweight.WeightSortTest" time="0.011"/>
  <testcase name="have_equal_string" classname="weightforweight.WeightSortTest" time="0.001"/>
  <system-out><![CDATA[]]></system-out>
  <system-err><![CDATA[]]></system-err>
</testsuite>
