<?xml version="1.0" encoding="UTF-8"?>
<testsuite name="fizzbuzz.GameNumberTest" tests="3" skipped="0" failures="0" errors="0" timestamp="2019-10-24T14:36:13" hostname="MacBook-Air.local" time="0.01">
  <properties/>
  <testcase name="should_return_fizz_or_buzz_if_number_is_divisible_by_3_or_5" classname="fizzbuzz.GameNumberTest" time="0.006"/>
  <testcase name="should_return_fizz_or_buzz_if_number_contains_3_or_5" classname="fizzbuzz.GameNumberTest" time="0.001"/>
  <testcase name="should_return_raw_number_for_normal_number" classname="fizzbuzz.GameNumberTest" time="0.0"/>
  <system-out><![CDATA[]]></system-out>
  <system-err><![CDATA[]]></system-err>
</testsuite>
